<?xml version="1.0" encoding="UTF-8"?>
<coverage generated="1693381642078" clover="3.2.0">
  <project timestamp="1693381642078" name="All files">
    <metrics statements="19" coveredstatements="7" conditionals="6" coveredconditionals="1" methods="7" coveredmethods="4" elements="32" coveredelements="12" complexity="0" loc="19" ncloc="19" packages="2" files="4" classes="4"/>
    <package name="src">
      <metrics statements="17" coveredstatements="5" conditionals="6" coveredconditionals="1" methods="5" coveredmethods="2"/>
      <file name="App.js" path="C:\Users\gs-3823\react_tutorials\mylibrary-test1\src\App.js">
        <metrics statements="6" coveredstatements="5" conditionals="2" coveredconditionals="1" methods="3" coveredmethods="2"/>
        <line num="5" count="1" type="stmt"/>
        <line num="12" count="1" type="stmt"/>
        <line num="14" count="1" type="stmt"/>
        <line num="15" count="0" type="stmt"/>
        <line num="18" count="1" type="stmt"/>
        <line num="27" count="4" type="stmt"/>
      </file>
      <file name="index.js" path="C:\Users\gs-3823\react_tutorials\mylibrary-test1\src\index.js">
        <metrics statements="3" coveredstatements="0" conditionals="0" coveredconditionals="0" methods="0" coveredmethods="0"/>
        <line num="7" count="0" type="stmt"/>
        <line num="8" count="0" type="stmt"/>
        <line num="17" count="0" type="stmt"/>
      </file>
      <file name="reportWebVitals.js" path="C:\Users\gs-3823\react_tutorials\mylibrary-test1\src\reportWebVitals.js">
        <metrics statements="8" coveredstatements="0" conditionals="4" coveredconditionals="0" methods="2" coveredmethods="0"/>
        <line num="1" count="0" type="stmt"/>
        <line num="2" count="0" type="cond" truecount="0" falsecount="4"/>
        <line num="3" count="0" type="stmt"/>
        <line num="4" count="0" type="stmt"/>
        <line num="5" count="0" type="stmt"/>
        <line num="6" count="0" type="stmt"/>
        <line num="7" count="0" type="stmt"/>
        <line num="8" count="0" type="stmt"/>
      </file>
    </package>
    <package name="src.components.common">
      <metrics statements="2" coveredstatements="2" conditionals="0" coveredconditionals="0" methods="2" coveredmethods="2"/>
      <file name="SelectField.js" path="C:\Users\gs-3823\react_tutorials\mylibrary-test1\src\components\common\SelectField.js">
        <metrics statements="2" coveredstatements="2" conditionals="0" coveredconditionals="0" methods="2" coveredmethods="2"/>
        <line num="13" count="1" type="stmt"/>
        <line num="26" count="4" type="stmt"/>
      </file>
    </package>
  </project>
</coverage>
