{"C:\\Users\\gs-3823\\react_tutorials\\mylibrary-test1\\src\\App.js": {"path":"C:\\Users\\gs-3823\\react_tutorials\\mylibrary-test1\\src\\App.js","statementMap":{"0":{"start":{"line":5,"column":15},"end":{"line":10,"column":3}},"1":{"start":{"line":12,"column":28},"end":{"line":12,"column":51}},"2":{"start":{"line":14,"column":23},"end":{"line":16,"column":3}},"3":{"start":{"line":15,"column":4},"end":{"line":15,"column":33}},"4":{"start":{"line":18,"column":2},"end":{"line":35,"column":4}},"5":{"start":{"line":27,"column":37},"end":{"line":32,"column":9}}},"fnMap":{"0":{"name":"App","decl":{"start":{"line":4,"column":9},"end":{"line":4,"column":12}},"loc":{"start":{"line":4,"column":15},"end":{"line":36,"column":1}},"line":4},"1":{"name":"(anonymous_1)","decl":{"start":{"line":14,"column":23},"end":{"line":14,"column":24}},"loc":{"start":{"line":14,"column":34},"end":{"line":16,"column":3}},"line":14},"2":{"name":"(anonymous_2)","decl":{"start":{"line":27,"column":26},"end":{"line":27,"column":27}},"loc":{"start":{"line":27,"column":37},"end":{"line":32,"column":9}},"line":27}},"branchMap":{"0":{"loc":{"start":{"line":25,"column":22},"end":{"line":25,"column":44}},"type":"binary-expr","locations":[{"start":{"line":25,"column":22},"end":{"line":25,"column":35}},{"start":{"line":25,"column":39},"end":{"line":25,"column":44}}],"line":25}},"s":{"0":1,"1":1,"2":1,"3":0,"4":1,"5":4},"f":{"0":1,"1":0,"2":4},"b":{"0":[1,0]},"_coverageSchema":"1a1c01bbd47fc00a2c39e90264f33305004495a9","hash":"28185e70b8aa473b8b7f974356fe052d287064fa"}
,"C:\\Users\\gs-3823\\react_tutorials\\mylibrary-test1\\src\\index.js": {"path":"C:\\Users\\gs-3823\\react_tutorials\\mylibrary-test1\\src\\index.js","statementMap":{"0":{"start":{"line":7,"column":13},"end":{"line":7,"column":65}},"1":{"start":{"line":8,"column":0},"end":{"line":12,"column":2}},"2":{"start":{"line":17,"column":0},"end":{"line":17,"column":18}}},"fnMap":{},"branchMap":{},"s":{"0":0,"1":0,"2":0},"f":{},"b":{}}
,"C:\\Users\\gs-3823\\react_tutorials\\mylibrary-test1\\src\\reportWebVitals.js": {"path":"C:\\Users\\gs-3823\\react_tutorials\\mylibrary-test1\\src\\reportWebVitals.js","statementMap":{"0":{"start":{"line":1,"column":24},"end":{"line":11,"column":1}},"1":{"start":{"line":2,"column":2},"end":{"line":10,"column":3}},"2":{"start":{"line":3,"column":4},"end":{"line":9,"column":7}},"3":{"start":{"line":4,"column":6},"end":{"line":4,"column":26}},"4":{"start":{"line":5,"column":6},"end":{"line":5,"column":26}},"5":{"start":{"line":6,"column":6},"end":{"line":6,"column":26}},"6":{"start":{"line":7,"column":6},"end":{"line":7,"column":26}},"7":{"start":{"line":8,"column":6},"end":{"line":8,"column":27}}},"fnMap":{"0":{"name":"(anonymous_0)","decl":{"start":{"line":1,"column":24},"end":{"line":1,"column":25}},"loc":{"start":{"line":1,"column":39},"end":{"line":11,"column":1}},"line":1},"1":{"name":"(anonymous_1)","decl":{"start":{"line":3,"column":30},"end":{"line":3,"column":31}},"loc":{"start":{"line":3,"column":79},"end":{"line":9,"column":5}},"line":3}},"branchMap":{"0":{"loc":{"start":{"line":2,"column":2},"end":{"line":10,"column":3}},"type":"if","locations":[{"start":{"line":2,"column":2},"end":{"line":10,"column":3}},{"start":{},"end":{}}],"line":2},"1":{"loc":{"start":{"line":2,"column":6},"end":{"line":2,"column":52}},"type":"binary-expr","locations":[{"start":{"line":2,"column":6},"end":{"line":2,"column":17}},{"start":{"line":2,"column":21},"end":{"line":2,"column":52}}],"line":2}},"s":{"0":0,"1":0,"2":0,"3":0,"4":0,"5":0,"6":0,"7":0},"f":{"0":0,"1":0},"b":{"0":[0,0],"1":[0,0]}}
,"C:\\Users\\gs-3823\\react_tutorials\\mylibrary-test1\\src\\components\\common\\SelectField.js": {"path":"C:\\Users\\gs-3823\\react_tutorials\\mylibrary-test1\\src\\components\\common\\SelectField.js","statementMap":{"0":{"start":{"line":13,"column":2},"end":{"line":32,"column":4}},"1":{"start":{"line":26,"column":10},"end":{"line":28,"column":21}}},"fnMap":{"0":{"name":"SelectField","decl":{"start":{"line":6,"column":24},"end":{"line":6,"column":35}},"loc":{"start":{"line":12,"column":3},"end":{"line":33,"column":1}},"line":12},"1":{"name":"(anonymous_1)","decl":{"start":{"line":25,"column":22},"end":{"line":25,"column":23}},"loc":{"start":{"line":26,"column":10},"end":{"line":28,"column":21}},"line":26}},"branchMap":{},"s":{"0":1,"1":4},"f":{"0":1,"1":4},"b":{},"_coverageSchema":"1a1c01bbd47fc00a2c39e90264f33305004495a9","hash":"3bff61a9076b3bade3d6c2f208bfd789f2fb7f31"}
}
