TN:
SF:src\App.js
FN:4,App
FN:14,(anonymous_1)
FN:27,(anonymous_2)
FNF:3
FNH:2
FNDA:1,App
FNDA:0,(anonymous_1)
FNDA:4,(anonymous_2)
DA:5,1
DA:12,1
DA:14,1
DA:15,0
DA:18,1
DA:27,4
LF:6
LH:5
BRDA:25,0,0,1
BRDA:25,0,1,0
BRF:2
BRH:1
end_of_record
TN:
SF:src\index.js
FNF:0
FNH:0
DA:7,0
DA:8,0
DA:17,0
LF:3
LH:0
BRF:0
BRH:0
end_of_record
TN:
SF:src\reportWebVitals.js
FN:1,(anonymous_0)
FN:3,(anonymous_1)
FNF:2
FNH:0
FNDA:0,(anonymous_0)
FNDA:0,(anonymous_1)
DA:1,0
DA:2,0
DA:3,0
DA:4,0
DA:5,0
DA:6,0
DA:7,0
DA:8,0
LF:8
LH:0
BRDA:2,0,0,0
BRDA:2,0,1,0
BRDA:2,1,0,0
BRDA:2,1,1,0
BRF:4
BRH:0
end_of_record
TN:
SF:src\components\common\SelectField.js
FN:6,SelectField
FN:25,(anonymous_1)
FNF:2
FNH:2
FNDA:1,SelectField
FNDA:4,(anonymous_1)
DA:13,1
DA:26,4
LF:2
LH:2
BRF:0
BRH:0
end_of_record
